<?xml version="1.0" encoding="UTF-8"?>
<testng-results ignored="0" total="3" passed="3" failed="0" skipped="0">
  <reporter-output>
  </reporter-output>
  <suite started-at="2021-08-12T14:20:08 BDT" name="Suite" finished-at="2021-08-12T14:20:41 BDT" duration-ms="32666">
    <groups>
    </groups>
    <test started-at="2021-08-12T14:20:08 BDT" name="Test" finished-at="2021-08-12T14:20:41 BDT" duration-ms="32666">
      <class name="testcases.T01_HomepageValidation">
        <test-method is-config="true" signature="openBrowser()[pri:0, instance:testcases.T01_HomepageValidation@233fe9b6]" started-at="2021-08-12T14:20:13 BDT" name="openBrowser" finished-at="2021-08-12T14:20:14 BDT" duration-ms="1141" status="PASS">
          <reporter-output>
          </reporter-output>
        </test-method> <!-- openBrowser -->
        <test-method signature="hopmepage()[pri:0, instance:testcases.T01_HomepageValidation@233fe9b6]" started-at="2021-08-12T14:20:14 BDT" name="hopmepage" finished-at="2021-08-12T14:20:23 BDT" duration-ms="8180" status="PASS">
          <reporter-output>
          </reporter-output>
        </test-method> <!-- hopmepage -->
        <test-method is-config="true" signature="tearDonwn()[pri:0, instance:testcases.T01_HomepageValidation@233fe9b6]" started-at="2021-08-12T14:20:23 BDT" name="tearDonwn" finished-at="2021-08-12T14:20:27 BDT" duration-ms="4129" status="PASS">
          <reporter-output>
          </reporter-output>
        </test-method> <!-- tearDonwn -->
      </class> <!-- testcases.T01_HomepageValidation -->
      <class name="testcases.T02_LoginpageValidation">
        <test-method is-config="true" signature="openBrowser()[pri:0, instance:testcases.T02_LoginpageValidation@358ee631]" started-at="2021-08-12T14:20:27 BDT" name="openBrowser" finished-at="2021-08-12T14:20:28 BDT" duration-ms="1212" status="PASS">
          <reporter-output>
          </reporter-output>
        </test-method> <!-- openBrowser -->
        <test-method signature="loginpage()[pri:0, instance:testcases.T02_LoginpageValidation@358ee631]" started-at="2021-08-12T14:20:28 BDT" name="loginpage" finished-at="2021-08-12T14:20:40 BDT" duration-ms="12103" status="PASS">
          <reporter-output>
          </reporter-output>
        </test-method> <!-- loginpage -->
        <test-method is-config="true" signature="tearDown()[pri:0, instance:testcases.T02_LoginpageValidation@358ee631]" started-at="2021-08-12T14:20:40 BDT" name="tearDown" finished-at="2021-08-12T14:20:41 BDT" duration-ms="616" status="PASS">
          <reporter-output>
          </reporter-output>
        </test-method> <!-- tearDown -->
      </class> <!-- testcases.T02_LoginpageValidation -->
      <class name="testcases.T03_RegistrationpageValidation">
        <test-method is-config="true" signature="openBrowser()[pri:0, instance:testcases.T03_RegistrationpageValidation@78e94dcf]" started-at="2021-08-12T14:20:08 BDT" name="openBrowser" finished-at="2021-08-12T14:20:10 BDT" duration-ms="1524" status="PASS">
          <reporter-output>
          </reporter-output>
        </test-method> <!-- openBrowser -->
        <test-method signature="registrationpage()[pri:0, instance:testcases.T03_RegistrationpageValidation@78e94dcf]" started-at="2021-08-12T14:20:10 BDT" name="registrationpage" finished-at="2021-08-12T14:20:13 BDT" duration-ms="3131" status="PASS">
          <reporter-output>
          </reporter-output>
        </test-method> <!-- registrationpage -->
        <test-method is-config="true" signature="tearDown()[pri:0, instance:testcases.T03_RegistrationpageValidation@78e94dcf]" started-at="2021-08-12T14:20:13 BDT" name="tearDown" finished-at="2021-08-12T14:20:13 BDT" duration-ms="600" status="PASS">
          <reporter-output>
          </reporter-output>
        </test-method> <!-- tearDown -->
      </class> <!-- testcases.T03_RegistrationpageValidation -->
    </test> <!-- Test -->
  </suite> <!-- Suite -->
</testng-results>
