<?xml version="1.0" encoding="UTF-8"?>
<!-- Generated by org.testng.reporters.JUnitXMLReporter -->
<testsuite ignored="0" hostname="LAPTOP-REU8J4EF" failures="0" tests="3" name="Test" time="32.666" errors="0" timestamp="2021-08-12T14:20:41 BDT">
  <testcase classname="testcases.T03_RegistrationpageValidation" name="registrationpage" time="3.131"/>
  <testcase classname="testcases.T01_HomepageValidation" name="hopmepage" time="8.18"/>
  <testcase classname="testcases.T02_LoginpageValidation" name="loginpage" time="12.103"/>
</testsuite> <!-- Test -->
